<?xml version="1.0" encoding="UTF-8"?>
<testsuite name="test_admin_new_product.TestAdminNewProduct-20250314023050" tests="1" file="test_admin_new_product.py" time="0.001" timestamp="2025-03-14T02:30:50" failures="0" errors="0" skipped="0">
	<testcase classname="test_admin_new_product.TestAdminNewProduct" name="test_add_new_product" time="0.001" timestamp="2025-03-14T02:30:50" file="tests\test_admin_new_product.py" line="6"/>
</testsuite>
